<?xml version="1.0" encoding="UTF-8"?>
<!-- Generated by org.testng.reporters.JUnitReportReporter -->
<testsuite skipped="0" hostname="akhireddy-PC" name="nov11.Gid_Example" tests="1" failures="0" timestamp="11 Nov 2019 16:14:46 GMT" time="8.711" errors="0">
  <testcase name="login" time="8.711" classname="nov11.Gid_Example"/>
</testsuite> <!-- nov11.Gid_Example -->
