<?xml version="1.0" encoding="UTF-8"?>
<!-- Generated by org.testng.reporters.JUnitReportReporter -->
<testsuite skipped="0" hostname="akhireddy-PC" name="Qedge.Orange" tests="3" failures="0" timestamp="08 Nov 2019 16:39:38 GMT" time="23.084" errors="0">
  <testcase name="login" time="5.928" classname="Qedge.Orange"/>
  <testcase name="login" time="9.902" classname="Qedge.Orange"/>
  <testcase name="login" time="7.254" classname="Qedge.Orange"/>
</testsuite> <!-- Qedge.Orange -->
